生成启动时间为 2015/3/1 0:32:06。
     1>项目“H:\github\raytracetest\raytracetest\raytracetest.vcxproj”在节点 2 上(ClCompile 个目标)。
     1>ClCompile:
         C:\Program Files (x86)\Microsoft Visual Studio 12.0\VC\bin\CL.exe /c /I"H:\Program Files\Autodesk\FBX\FBX SDK\2015.1\include" /Zi /nologo /W3 /WX- /sdl /O2 /Oi /Oy- /GL /D WIN32 /D NDEBUG /D _CONSOLE /D _LIB /D _UNICODE /D UNICODE /Gm- /EHsc /MD /GS /Gy /fp:precise /Zc:wchar_t /Zc:forScope /Yu"stdafx.h" /Fp"Release\raytracetest.pch" /Fo"Release\\" /Fd"Release\vc120.pdb" /Gd /TP /analyze- /errorReport:prompt RayTraceApplication.cpp
         RayTraceApplication.cpp
     1>RayTraceApplication.cpp(110): warning C4305: “参数”: 从“double”到“float”截断
     1>RayTraceApplication.cpp(114): warning C4305: “参数”: 从“double”到“float”截断
     1>RayTraceApplication.cpp(136): error C3861: “InitializeSdkObjects”:  找不到标识符
     1>RayTraceApplication.cpp(139): error C3861: “CreateScene”:  找不到标识符
     1>已完成生成项目“H:\github\raytracetest\raytracetest\raytracetest.vcxproj”(ClCompile 个目标)的操作 - 失败。

生成失败。

已用时间 00:00:00.13
